<?xml version="1.0" encoding="UTF-8"?>
<!-- Generated by org.testng.reporters.JUnitReportReporter -->
<testsuite name="com.utility.ExcelUtility" tests="1" time="1.612" ignored="0" failures="0" timestamp="04 Aug 2022 19:03:28 GMT" skipped="0" hostname="DESKTOP-57F67S5" errors="0">
  <testcase name="test" time="1.612" classname="com.utility.ExcelUtility"/>
</testsuite> <!-- com.utility.ExcelUtility -->
